Flow report for miriv
Fri Aug 28 11:46:49 2020
Quartus Prime Version 18.1.0 Build 625 09/12/2018 SJ Standard Edition


---------------------
; Table of Contents ;
---------------------
  1. Legal Notice
  2. Flow Summary
  3. Flow Settings
  4. Flow Non-Default Global Settings
  5. Flow Elapsed Time
  6. Flow OS Summary
  7. Flow Log
  8. Flow Messages
  9. Flow Suppressed Messages



----------------
; Legal Notice ;
----------------
Copyright (C) 2018  Intel Corporation. All rights reserved.
Your use of Intel Corporation's design tools, logic functions 
and other software and tools, and its AMPP partner logic 
functions, and any output files from any of the foregoing 
(including device programming or simulation files), and any 
associated documentation or information are expressly subject 
to the terms and conditions of the Intel Program License 
Subscription Agreement, the Intel Quartus Prime License Agreement,
the Intel FPGA IP License Agreement, or other applicable license
agreement, including, without limitation, that your use is for
the sole purpose of programming logic devices manufactured by
Intel and sold by Intel or its authorized distributors.  Please
refer to the applicable agreement for further details.



+--------------------------------------------------------------------------------------+
; Flow Summary                                                                         ;
+------------------------------------+-------------------------------------------------+
; Flow Status                        ; Successful - Fri Aug 28 11:46:44 2020           ;
; Quartus Prime Version              ; 18.1.0 Build 625 09/12/2018 SJ Standard Edition ;
; Revision Name                      ; miriv                                           ;
; Top-level Entity Name              ; top                                             ;
; Family                             ; Cyclone IV E                                    ;
; Device                             ; EP4CE115F29C7                                   ;
; Timing Models                      ; Final                                           ;
; Total logic elements               ; 4,160 / 114,480 ( 4 % )                         ;
;     Total combinational functions  ; 4,043 / 114,480 ( 4 % )                         ;
;     Dedicated logic registers      ; 1,822 / 114,480 ( 2 % )                         ;
; Total registers                    ; 1822                                            ;
; Total pins                         ; 4 / 529 ( < 1 % )                               ;
; Total virtual pins                 ; 0                                               ;
; Total memory bits                  ; 262,208 / 3,981,312 ( 7 % )                     ;
; Embedded Multiplier 9-bit elements ; 0 / 532 ( 0 % )                                 ;
; Total PLLs                         ; 1 / 4 ( 25 % )                                  ;
+------------------------------------+-------------------------------------------------+


+-----------------------------------------+
; Flow Settings                           ;
+-------------------+---------------------+
; Option            ; Setting             ;
+-------------------+---------------------+
; Start date & time ; 08/28/2020 11:45:42 ;
; Main task         ; Compilation         ;
; Revision Name     ; miriv               ;
+-------------------+---------------------+


+-------------------------------------------------------------------------------------------------------------------------------+
; Flow Non-Default Global Settings                                                                                              ;
+---------------------------------------+----------------------------------------+---------------+-------------+----------------+
; Assignment Name                       ; Value                                  ; Default Value ; Entity Name ; Section Id     ;
+---------------------------------------+----------------------------------------+---------------+-------------+----------------+
; COMPILER_SIGNATURE_ID                 ; 176156466842512.159860794220454        ; --            ; --          ; --             ;
; EDA_OUTPUT_DATA_FORMAT                ; None                                   ; --            ; --          ; eda_simulation ;
; EDA_TIME_SCALE                        ; 1 ps                                   ; --            ; --          ; eda_simulation ;
; ENABLE_SIGNALTAP                      ; On                                     ; --            ; --          ; --             ;
; MAX_CORE_JUNCTION_TEMP                ; 85                                     ; --            ; --          ; --             ;
; MIN_CORE_JUNCTION_TEMP                ; 0                                      ; --            ; --          ; --             ;
; NOMINAL_CORE_SUPPLY_VOLTAGE           ; 1.2V                                   ; --            ; --          ; --             ;
; NUM_PARALLEL_PROCESSORS               ; All                                    ; --            ; --          ; --             ;
; PARTITION_COLOR                       ; -- (Not supported for targeted family) ; --            ; top         ; dev:dev_inst   ;
; PARTITION_COLOR                       ; -- (Not supported for targeted family) ; --            ; top         ; Top            ;
; PARTITION_FITTER_PRESERVATION_LEVEL   ; -- (Not supported for targeted family) ; --            ; top         ; dev:dev_inst   ;
; PARTITION_FITTER_PRESERVATION_LEVEL   ; -- (Not supported for targeted family) ; --            ; top         ; Top            ;
; PARTITION_IMPORT_EXISTING_ASSIGNMENTS ; -- (Not supported for targeted family) ; --            ; top         ; dev:dev_inst   ;
; PARTITION_IMPORT_FILE                 ; -- (Not supported for targeted family) ; --            ; top         ; dev:dev_inst   ;
; PARTITION_LAST_IMPORTED_FILE          ; -- (Not supported for targeted family) ; --            ; top         ; dev:dev_inst   ;
; PARTITION_NETLIST_TYPE                ; -- (Not supported for targeted family) ; --            ; top         ; dev:dev_inst   ;
; PARTITION_NETLIST_TYPE                ; -- (Not supported for targeted family) ; --            ; top         ; Top            ;
; POWER_BOARD_THERMAL_MODEL             ; None (CONSERVATIVE)                    ; --            ; --          ; --             ;
; POWER_PRESET_COOLING_SOLUTION         ; 23 MM HEAT SINK WITH 200 LFPM AIRFLOW  ; --            ; --          ; --             ;
; PROJECT_OUTPUT_DIRECTORY              ; output_files                           ; --            ; --          ; --             ;
; TOP_LEVEL_ENTITY                      ; top                                    ; miriv         ; --          ; --             ;
; USE_SIGNALTAP_FILE                    ; output_files/stp1.stp                  ; --            ; --          ; --             ;
; VHDL_INPUT_VERSION                    ; VHDL_2008                              ; VHDL_1993     ; --          ; --             ;
; VHDL_SHOW_LMF_MAPPING_MESSAGES        ; Off                                    ; --            ; --          ; --             ;
+---------------------------------------+----------------------------------------+---------------+-------------+----------------+


+--------------------------------------------------------------------------------------------------------------------------+
; Flow Elapsed Time                                                                                                        ;
+----------------------+--------------+-------------------------+---------------------+------------------------------------+
; Module Name          ; Elapsed Time ; Average Processors Used ; Peak Virtual Memory ; Total CPU Time (on all processors) ;
+----------------------+--------------+-------------------------+---------------------+------------------------------------+
; Analysis & Synthesis ; 00:00:24     ; 1.1                     ; 1235 MB             ; 00:00:35                           ;
; Partition Merge      ; 00:00:01     ; 1.0                     ; 1364 MB             ; 00:00:01                           ;
; Fitter               ; 00:00:30     ; 1.1                     ; 1883 MB             ; 00:00:47                           ;
; Assembler            ; 00:00:03     ; 1.0                     ; 942 MB              ; 00:00:03                           ;
; Timing Analyzer      ; 00:00:03     ; 1.3                     ; 1079 MB             ; 00:00:04                           ;
; Total                ; 00:01:01     ; --                      ; --                  ; 00:01:30                           ;
+----------------------+--------------+-------------------------+---------------------+------------------------------------+


+----------------------------------------------------------------------------------------+
; Flow OS Summary                                                                        ;
+----------------------+------------------+--------------+--------------+----------------+
; Module Name          ; Machine Hostname ; OS Name      ; OS Version   ; Processor type ;
+----------------------+------------------+--------------+--------------+----------------+
; Analysis & Synthesis ; ti2              ; CentOS Linux ; CentOS Linux ; x86_64         ;
; Partition Merge      ; ti2              ; CentOS Linux ; CentOS Linux ; x86_64         ;
; Fitter               ; ti2              ; CentOS Linux ; CentOS Linux ; x86_64         ;
; Assembler            ; ti2              ; CentOS Linux ; CentOS Linux ; x86_64         ;
; Timing Analyzer      ; ti2              ; CentOS Linux ; CentOS Linux ; x86_64         ;
+----------------------+------------------+--------------+--------------+----------------+


------------
; Flow Log ;
------------
quartus_map --read_settings_files=on --write_settings_files=off miriv -c miriv
quartus_cdb --read_settings_files=off --write_settings_files=off miriv -c miriv --merge=on
quartus_fit --read_settings_files=off --write_settings_files=off miriv -c miriv
quartus_asm --read_settings_files=off --write_settings_files=off miriv -c miriv
quartus_sta miriv -c miriv



